<?xml version="1.0" encoding="UTF-8"?>
<testng-results ignored="0" total="1" passed="1" failed="0" skipped="0">
  <reporter-output>
  </reporter-output>
  <suite started-at="2025-11-03T17:07:29 IST" name="Default suite" finished-at="2025-11-03T17:07:52 IST" duration-ms="22314">
    <groups>
    </groups>
    <test started-at="2025-11-03T17:07:29 IST" name="Default test" finished-at="2025-11-03T17:07:52 IST" duration-ms="22314">
      <class name="automation.LoginAutomation">
        <test-method is-config="true" signature="setup()[pri:0, instance:automation.LoginAutomation@22555ebf]" started-at="2025-11-03T17:07:29 IST" name="setup" finished-at="2025-11-03T17:07:45 IST" duration-ms="15428" status="PASS">
          <reporter-output>
          </reporter-output>
        </test-method> <!-- setup -->
        <test-method signature="loginTest()[pri:0, instance:automation.LoginAutomation@22555ebf]" started-at="2025-11-03T17:07:45 IST" name="loginTest" finished-at="2025-11-03T17:07:51 IST" duration-ms="6504" status="PASS">
          <reporter-output>
          </reporter-output>
        </test-method> <!-- loginTest -->
        <test-method is-config="true" signature="tearDown()[pri:0, instance:automation.LoginAutomation@22555ebf]" started-at="2025-11-03T17:07:51 IST" name="tearDown" finished-at="2025-11-03T17:07:52 IST" duration-ms="331" status="PASS">
          <reporter-output>
          </reporter-output>
        </test-method> <!-- tearDown -->
      </class> <!-- automation.LoginAutomation -->
    </test> <!-- Default test -->
  </suite> <!-- Default suite -->
</testng-results>
